<?xml version="1.0" encoding="UTF-8"?>
<!-- Generated by org.testng.reporters.JUnitXMLReporter -->
<testsuite ignored="0" hostname="DESKTOP-NA2IHPB" failures="0" tests="3" name="Chrome Test" time="36.013" errors="0" timestamp="2024-01-07T16:02:48 IST">
  <testcase classname="com.OpenMRS.TestRunner" name="tc01" time="3.655"/>
  <testcase classname="com.OpenMRS.TestRunner" name="tc02" time="30.065"/>
  <testcase classname="com.OpenMRS.TestRunner" name="tc03" time="0.005"/>
</testsuite> <!-- Chrome Test -->
