<?xml version="1.0" encoding="UTF-8"?>
<!-- Generated by org.testng.reporters.JUnitXMLReporter -->
<testsuite ignored="0" hostname="DESKTOP-NA2IHPB" failures="0" tests="8" name="Edge Test" time="87.231" errors="0" timestamp="2024-01-14T12:16:40 IST">
  <testcase classname="com.OpenMRS.TestRunnerEdge" name="tc01" time="13.052"/>
  <testcase classname="com.OpenMRS.TestRunnerEdge" name="tc02" time="7.9"/>
  <testcase classname="com.OpenMRS.TestRunnerEdge" name="tc03" time="6.989"/>
  <testcase classname="com.OpenMRS.TestRunnerEdge" name="tc04" time="23.773"/>
  <testcase classname="com.OpenMRS.TestRunnerEdge" name="tc05" time="2.226"/>
  <testcase classname="com.OpenMRS.TestRunnerEdge" name="tc06" time="13.625"/>
  <testcase classname="com.OpenMRS.TestRunnerEdge" name="tc07" time="16.463"/>
  <testcase classname="com.OpenMRS.TestRunnerEdge" name="tc08" time="0.353"/>
</testsuite> <!-- Edge Test -->
