<?xml version="1.0" encoding="UTF-8"?>
<!-- Generated by org.testng.reporters.JUnitXMLReporter -->
<testsuite ignored="0" hostname="DESKTOP-NA2IHPB" failures="0" tests="8" name="Edge Test" time="85.639" errors="0" timestamp="2024-01-11T01:18:01 IST">
  <testcase classname="com.OpenMRS.TestRunnerEdge" name="tc01" time="6.36"/>
  <testcase classname="com.OpenMRS.TestRunnerEdge" name="tc02" time="6.383"/>
  <testcase classname="com.OpenMRS.TestRunnerEdge" name="tc03" time="6.507"/>
  <testcase classname="com.OpenMRS.TestRunnerEdge" name="tc04" time="22.739"/>
  <testcase classname="com.OpenMRS.TestRunnerEdge" name="tc05" time="2.182"/>
  <testcase classname="com.OpenMRS.TestRunnerEdge" name="tc06" time="11.79"/>
  <testcase classname="com.OpenMRS.TestRunnerEdge" name="tc07" time="15.324"/>
  <testcase classname="com.OpenMRS.TestRunnerEdge" name="tc08" time="0.324"/>
</testsuite> <!-- Edge Test -->
