<?xml version="1.0" encoding="UTF-8"?>
<!-- Generated by org.testng.reporters.JUnitXMLReporter -->
<testsuite ignored="0" hostname="DESKTOP-NA2IHPB" failures="0" tests="8" name="Firefox Test" time="96.655" errors="0" timestamp="2024-01-11T01:16:35 IST">
  <testcase classname="com.OpenMRS.TestRunnerFirefox" name="tc01" time="7.543"/>
  <testcase classname="com.OpenMRS.TestRunnerFirefox" name="tc02" time="6.418"/>
  <testcase classname="com.OpenMRS.TestRunnerFirefox" name="tc03" time="5.842"/>
  <testcase classname="com.OpenMRS.TestRunnerFirefox" name="tc04" time="24.707"/>
  <testcase classname="com.OpenMRS.TestRunnerFirefox" name="tc05" time="2.474"/>
  <testcase classname="com.OpenMRS.TestRunnerFirefox" name="tc06" time="15.445"/>
  <testcase classname="com.OpenMRS.TestRunnerFirefox" name="tc07" time="22.268"/>
  <testcase classname="com.OpenMRS.TestRunnerFirefox" name="tc08" time="0.534"/>
</testsuite> <!-- Firefox Test -->
