<?xml version="1.0" encoding="UTF-8"?>
<!-- Generated by org.testng.reporters.JUnitXMLReporter -->
<testsuite ignored="0" hostname="DESKTOP-NA2IHPB" failures="0" tests="8" name="Firefox Test" time="103.74" errors="0" timestamp="2024-01-14T12:15:13 IST">
  <testcase classname="com.OpenMRS.TestRunnerFirefox" name="tc01" time="8.181"/>
  <testcase classname="com.OpenMRS.TestRunnerFirefox" name="tc02" time="8.803"/>
  <testcase classname="com.OpenMRS.TestRunnerFirefox" name="tc03" time="7.329"/>
  <testcase classname="com.OpenMRS.TestRunnerFirefox" name="tc04" time="26.238"/>
  <testcase classname="com.OpenMRS.TestRunnerFirefox" name="tc05" time="2.48"/>
  <testcase classname="com.OpenMRS.TestRunnerFirefox" name="tc06" time="16.396"/>
  <testcase classname="com.OpenMRS.TestRunnerFirefox" name="tc07" time="26.086"/>
  <testcase classname="com.OpenMRS.TestRunnerFirefox" name="tc08" time="0.618"/>
</testsuite> <!-- Firefox Test -->
