<?xml version="1.0" encoding="UTF-8"?>
<!-- Generated by org.testng.reporters.JUnitXMLReporter -->
<testsuite ignored="0" hostname="DESKTOP-NA2IHPB" failures="0" tests="3" name="Default test" time="36.293" errors="0" timestamp="2024-01-07T16:00:10 IST">
  <testcase classname="com.OpenMRS.TestRunner" name="tc01" time="3.823"/>
  <testcase classname="com.OpenMRS.TestRunner" name="tc02" time="30.035"/>
  <testcase classname="com.OpenMRS.TestRunner" name="tc03" time="0.002"/>
</testsuite> <!-- Default test -->
